2018/07/24 15:43:05 MySql Connect Success
2018/07/24 15:43:05 Web Server Is Success
2018/07/24 15:43:05 Web Socket Is Success
2018/07/24 15:43:05 f96f8007f6566300c90cbc09555cf17b :[md5str] f96f8007f6566300c90cbc09555cf17b :[verify] 23528d0315eac50e44927b0051e6e75f :[this.Key] fengjw :[account] 1 :[pid]
2018/07/24 15:43:05 a6c90f6d89064dfda0d2d85c3782b890 :[md5str] a6c90f6d89064dfda0d2d85c3782b890 :[verify] 23528d0315eac50e44927b0051e6e75f :[this.Key] zhang_x :[account] 1 :[pid]
2018/07/24 15:43:05 c4a4d3876f9c4736a28d912b945e449c :[md5str] c4a4d3876f9c4736a28d912b945e449c :[verify] 23528d0315eac50e44927b0051e6e75f :[this.Key] guanlm :[account] 1 :[pid]
2018/07/24 15:43:05 37c38583fb52bcf7caec8fd2ba72f62f :[md5str] 37c38583fb52bcf7caec8fd2ba72f62f :[verify] 23528d0315eac50e44927b0051e6e75f :[this.Key] j_wang :[account] 1 :[pid]
2018/07/24 15:43:06 4ff9e4fc5e8df3b3241e6871daeaef8a :[md5str] 4ff9e4fc5e8df3b3241e6871daeaef8a :[verify] 23528d0315eac50e44927b0051e6e75f :[this.Key] liuyong :[account] 1 :[pid]
发送信息通知 暴力熊 数量 28
2018/07/24 15:43:06 f08e6292ac36d8e9d9ac88d80e267ba7 :[md5str] f08e6292ac36d8e9d9ac88d80e267ba7 :[verify] 23528d0315eac50e44927b0051e6e75f :[this.Key] ffwu :[account] 1 :[pid]
2018/07/24 15:43:06 fbbb606a4735351d86e9907d2edd3b36 :[md5str] fbbb606a4735351d86e9907d2edd3b36 :[verify] 23528d0315eac50e44927b0051e6e75f :[this.Key] yangge :[account] 1 :[pid]
发送信息通知 尕儿 数量 24
发送信息通知 暴力熊 数量 28
2018/07/24 15:43:06 f2e54642a7a4750bef27ae3d5f9089fd :[md5str] f2e54642a7a4750bef27ae3d5f9089fd :[verify] 23528d0315eac50e44927b0051e6e75f :[this.Key] heyq :[account] 1 :[pid]
发送信息通知 小蝌蚪 数量 3
发送信息通知 尕儿 数量 24
发送信息通知 暴力熊 数量 28
2018/07/24 15:43:06 e113a4c589a0521742d3c97f73c1b478 :[md5str] e113a4c589a0521742d3c97f73c1b478 :[verify] 23528d0315eac50e44927b0051e6e75f :[this.Key] v.hefq :[account] 1 :[pid]
2018/07/24 15:43:06 fc52940d3cf79b1ddbe5a0effca8bdf1 :[md5str] fc52940d3cf79b1ddbe5a0effca8bdf1 :[verify] 23528d0315eac50e44927b0051e6e75f :[this.Key] xjli :[account] 1 :[pid]
2018/07/24 15:43:06 AND status in (0) :[modeStatusSQL]
2018/07/24 15:43:06 AND t_l.status in (0) :[linkStatusSQL]
2018/07/24 15:43:06 ed7eea3901ba4a4a1690d3e22c67363f :[md5str] ed7eea3901ba4a4a1690d3e22c67363f :[verify] 23528d0315eac50e44927b0051e6e75f :[this.Key] xionglk :[account] 1 :[pid]
2018/07/24 15:43:06 1b4d35d31a1973b22720fc438ab5992b :[md5str] 1b4d35d31a1973b22720fc438ab5992b :[verify] 23528d0315eac50e44927b0051e6e75f :[this.Key] xfeng :[account] 1 :[pid]
2018/07/24 15:43:06 AND status in (0) :[modeStatusSQL]
2018/07/24 15:43:06 AND t_l.status in (0) :[linkStatusSQL]
2018/07/24 15:43:07 AND status in (0) :[modeStatusSQL]
2018/07/24 15:43:07 AND t_l.status in (0) :[linkStatusSQL]
2018/07/24 15:43:07 bcb4628e99d0c6d2478981b1d7d346df :[md5str] bcb4628e99d0c6d2478981b1d7d346df :[verify] 23528d0315eac50e44927b0051e6e75f :[this.Key] yangg :[account] 1 :[pid]
2018/07/24 15:43:07 6c29a91c5fb9cd9109593913c7540a7e :[md5str] 6c29a91c5fb9cd9109593913c7540a7e :[verify] 23528d0315eac50e44927b0051e6e75f :[this.Key] hubin :[account] 1 :[pid]
发送信息通知 尕儿 数量 24
发送信息通知 暴力熊 数量 28
发送信息通知 小蝌蚪 数量 3
2018/07/24 15:43:07 AND status in (0) :[modeStatusSQL]
2018/07/24 15:43:07 AND t_l.status in (0) :[linkStatusSQL]
2018/07/24 15:43:07 AND status in (0) :[modeStatusSQL]
2018/07/24 15:43:07 AND t_l.status in (0) :[linkStatusSQL]
2018/07/24 15:43:08 35b8a21444f1c0961ec14a488a0fa6d0 :[md5str] 35b8a21444f1c0961ec14a488a0fa6d0 :[verify] 23528d0315eac50e44927b0051e6e75f :[this.Key] nid :[account] 1 :[pid]
2018/07/24 15:43:08 AND status in (0) :[modeStatusSQL]
2018/07/24 15:43:08 AND t_l.status in (0) :[linkStatusSQL]
2018/07/24 15:43:08 b078eac31f1a05a49647e8683f8fd5a8 :[md5str] b078eac31f1a05a49647e8683f8fd5a8 :[verify] 23528d0315eac50e44927b0051e6e75f :[this.Key] xiangjch :[account] 1 :[pid]
2018/07/24 15:43:08 d0f3b00435816f169709dfd47209ee38 :[md5str] d0f3b00435816f169709dfd47209ee38 :[verify] 23528d0315eac50e44927b0051e6e75f :[this.Key] panj :[account] 1 :[pid]
2018/07/24 15:43:08 2decf6ee6fd63bb08c0299d97f579fbb :[md5str] 2decf6ee6fd63bb08c0299d97f579fbb :[verify] 23528d0315eac50e44927b0051e6e75f :[this.Key] wuw :[account] 1 :[pid]
2018/07/24 15:43:08 AND status in (0) :[modeStatusSQL]
2018/07/24 15:43:08 AND t_l.status in (0) :[linkStatusSQL]
2018/07/24 15:43:08 cfd4ce79ef36c539b63d0e54143abf2d :[md5str] cfd4ce79ef36c539b63d0e54143abf2d :[verify] 23528d0315eac50e44927b0051e6e75f :[this.Key] wangy :[account] 1 :[pid]
发送信息通知 尕儿 数量 24
发送信息通知 暴力熊 数量 28
发送信息通知 小蝌蚪 数量 3
2018/07/24 15:43:08 AND status in (0) :[modeStatusSQL]
2018/07/24 15:43:08 AND t_l.status in (0) :[linkStatusSQL]
2018/07/24 15:43:09 AND status in (0) :[modeStatusSQL]
2018/07/24 15:43:09 AND t_l.status in (0) :[linkStatusSQL]
2018/07/24 15:43:09 AND status in (0) :[modeStatusSQL]
2018/07/24 15:43:09 AND t_l.status in (0) :[linkStatusSQL]
2018/07/24 15:43:09 6c29a91c5fb9cd9109593913c7540a7e :[md5str] 6c29a91c5fb9cd9109593913c7540a7e :[verify] 23528d0315eac50e44927b0051e6e75f :[this.Key] hubin :[account] 1 :[pid]
发送信息通知 尕儿 数量 24
发送信息通知 暴力熊 数量 28
发送信息通知 小蝌蚪 数量 3
2018/07/24 15:43:09 dc21578367c85ddac2e220e1579e3df8 :[md5str] dc21578367c85ddac2e220e1579e3df8 :[verify] 23528d0315eac50e44927b0051e6e75f :[this.Key] zhangjing :[account] 1 :[pid]
2018/07/24 15:43:09 9ba954a13cdaea8b1070947f486f7729 :[md5str] 9ba954a13cdaea8b1070947f486f7729 :[verify] 23528d0315eac50e44927b0051e6e75f :[this.Key] jianhb :[account] 1 :[pid]
发送信息通知 暴力熊 数量 28
发送信息通知 麦子 数量 20
发送信息通知 小蝌蚪 数量 3
发送信息通知 尕儿 数量 24
2018/07/24 15:43:09 AND status in (0) :[modeStatusSQL]
2018/07/24 15:43:09 AND t_l.status in (0) :[linkStatusSQL]
2018/07/24 15:43:10 AND status in (0) :[modeStatusSQL]
2018/07/24 15:43:10 AND t_l.status in (0) :[linkStatusSQL]
2018/07/24 15:43:10 42bfbe90d90a10d85a2ae85d9023e90c :[md5str] 42bfbe90d90a10d85a2ae85d9023e90c :[verify] 23528d0315eac50e44927b0051e6e75f :[this.Key] chzhao :[account] 1 :[pid]
2018/07/24 15:43:10 530b0680896f674e5bca9c3dafa592e6 :[md5str] 530b0680896f674e5bca9c3dafa592e6 :[verify] 23528d0315eac50e44927b0051e6e75f :[this.Key] zhangf :[account] 1 :[pid]
2018/07/24 15:43:10 530b0680896f674e5bca9c3dafa592e6 :[md5str] 530b0680896f674e5bca9c3dafa592e6 :[verify] 23528d0315eac50e44927b0051e6e75f :[this.Key] zhangf :[account] 1 :[pid]
2018/07/24 15:43:10 530b0680896f674e5bca9c3dafa592e6 :[md5str] 530b0680896f674e5bca9c3dafa592e6 :[verify] 23528d0315eac50e44927b0051e6e75f :[this.Key] zhangf :[account] 1 :[pid]
2018/07/24 15:43:10 AND status in (0) :[modeStatusSQL]
2018/07/24 15:43:10 AND t_l.status in (0) :[linkStatusSQL]
2018/07/24 15:43:11 Client is Close websocket: close 1001 (going away)
2018/07/24 15:43:11 AND status in (0) :[modeStatusSQL]
2018/07/24 15:43:11 AND t_l.status in (0) :[linkStatusSQL]
2018/07/24 15:43:11 AND status in (0) :[modeStatusSQL]
2018/07/24 15:43:11 AND t_l.status in (0) :[linkStatusSQL]
2018/07/24 15:43:11 AND status in (0) :[modeStatusSQL]
2018/07/24 15:43:11 AND t_l.status in (0) :[linkStatusSQL]
2018/07/24 15:43:12 AND status in (0) :[modeStatusSQL]
2018/07/24 15:43:12 AND t_l.status in (0) :[linkStatusSQL]
2018/07/24 15:43:12 AND status in (0) :[modeStatusSQL]
2018/07/24 15:43:12 AND t_l.status in (0) :[linkStatusSQL]
2018/07/24 15:43:12 AND status in (0) :[modeStatusSQL]
2018/07/24 15:43:12 AND t_l.status in (0) :[linkStatusSQL]
2018/07/24 15:43:13 AND status in (0) :[modeStatusSQL]
2018/07/24 15:43:13 AND t_l.status in (0) :[linkStatusSQL]
2018/07/24 15:43:13 AND status in (0) :[modeStatusSQL]
2018/07/24 15:43:13 AND t_l.status in (0) :[linkStatusSQL]
2018/07/24 15:43:14 AND status in (0) :[modeStatusSQL]
2018/07/24 15:43:14 AND t_l.status in (0) :[linkStatusSQL]
2018/07/24 15:43:14 6c29a91c5fb9cd9109593913c7540a7e :[md5str] 6c29a91c5fb9cd9109593913c7540a7e :[verify] 23528d0315eac50e44927b0051e6e75f :[this.Key] hubin :[account] 1 :[pid]
发送信息通知 尕儿 数量 24
发送信息通知 暴力熊 数量 28
发送信息通知 麦子 数量 20
发送信息通知 小蝌蚪 数量 3
2018/07/24 15:43:14 AND status in (0) :[modeStatusSQL]
2018/07/24 15:43:14 AND t_l.status in (0) :[linkStatusSQL]
2018/07/24 15:43:14 AND status in (0) :[modeStatusSQL]
2018/07/24 15:43:14 AND t_l.status in (0) :[linkStatusSQL]
2018/07/24 15:43:15 AND status in (0) :[modeStatusSQL]
2018/07/24 15:43:15 AND t_l.status in (0) :[linkStatusSQL]
2018/07/24 15:43:15 AND status in (0) :[modeStatusSQL]
2018/07/24 15:43:15 AND t_l.status in (0) :[linkStatusSQL]
2018/07/24 15:43:16 AND status in (0) :[modeStatusSQL]
2018/07/24 15:43:16 AND t_l.status in (0) :[linkStatusSQL]
2018/07/24 15:43:48 AND status in (0) :[modeStatusSQL]
2018/07/24 15:43:48 AND t_l.status in (0) :[linkStatusSQL]
2018/07/24 15:43:51 AND status in (0) :[modeStatusSQL]
2018/07/24 15:43:51 AND t_l.status in (0) :[linkStatusSQL]
2018/07/24 15:43:52 AND status in (0) :[modeStatusSQL]
2018/07/24 15:43:52 AND t_l.status in (0) :[linkStatusSQL]
2018/07/24 15:43:58 4ff9e4fc5e8df3b3241e6871daeaef8a :[md5str] 4ff9e4fc5e8df3b3241e6871daeaef8a :[verify] 23528d0315eac50e44927b0051e6e75f :[this.Key] liuyong :[account] 1 :[pid]
发送信息通知 小蝌蚪 数量 3
发送信息通知 尕儿 数量 24
发送信息通知 暴力熊 数量 28
发送信息通知 麦子 数量 20
2018/07/24 15:44:01 AND status in (0) :[modeStatusSQL]
2018/07/24 15:44:01 AND t_l.status in (0) :[linkStatusSQL]
2018/07/24 15:44:13 AND status in (0) :[modeStatusSQL]
2018/07/24 15:44:13 AND t_l.status in (0) :[linkStatusSQL]
2018/07/24 15:45:56 Client is Close websocket: close 1001 (going away)
2018/07/24 15:46:02 Client is Close websocket: close 1001 (going away)
2018/07/24 15:46:02 AND status in (0) :[modeStatusSQL]
2018/07/24 15:46:02 AND t_l.status in (0) :[linkStatusSQL]
2018/07/24 15:46:02 AND status in (0) :[modeStatusSQL]
2018/07/24 15:46:02 AND t_l.status in (0) :[linkStatusSQL]
2018/07/24 15:46:02 cfd4ce79ef36c539b63d0e54143abf2d :[md5str] cfd4ce79ef36c539b63d0e54143abf2d :[verify] 23528d0315eac50e44927b0051e6e75f :[this.Key] wangy :[account] 1 :[pid]
发送信息通知 小蝌蚪 数量 3
发送信息通知 尕儿 数量 24
发送信息通知 暴力熊 数量 28
发送信息通知 麦子 数量 20
2018/07/24 15:46:02 4ff9e4fc5e8df3b3241e6871daeaef8a :[md5str] 4ff9e4fc5e8df3b3241e6871daeaef8a :[verify] 23528d0315eac50e44927b0051e6e75f :[this.Key] liuyong :[account] 1 :[pid]
发送信息通知 小蝌蚪 数量 3
发送信息通知 尕儿 数量 24
发送信息通知 暴力熊 数量 28
发送信息通知 麦子 数量 20
2018/07/24 15:46:02 6c29a91c5fb9cd9109593913c7540a7e :[md5str] 6c29a91c5fb9cd9109593913c7540a7e :[verify] 23528d0315eac50e44927b0051e6e75f :[this.Key] hubin :[account] 1 :[pid]
发送信息通知 小蝌蚪 数量 3
发送信息通知 尕儿 数量 24
发送信息通知 暴力熊 数量 28
发送信息通知 麦子 数量 20
2018/07/24 15:46:02 AND status in (0) :[modeStatusSQL]
2018/07/24 15:46:02 AND t_l.status in (0) :[linkStatusSQL]
2018/07/24 15:46:03 AND status in (0) :[modeStatusSQL]
2018/07/24 15:46:03 AND t_l.status in (0) :[linkStatusSQL]
2018/07/24 15:46:03 AND status in (0) :[modeStatusSQL]
2018/07/24 15:46:03 AND t_l.status in (0) :[linkStatusSQL]
2018/07/24 15:46:04 AND status in (0) :[modeStatusSQL]
2018/07/24 15:46:04 AND t_l.status in (0) :[linkStatusSQL]
2018/07/24 15:46:05 AND status in (0) :[modeStatusSQL]
2018/07/24 15:46:05 AND t_l.status in (0) :[linkStatusSQL]
2018/07/24 15:46:06 AND status in (0) :[modeStatusSQL]
2018/07/24 15:46:06 AND t_l.status in (0) :[linkStatusSQL]
2018/07/24 15:46:07 AND status in (0) :[modeStatusSQL]
2018/07/24 15:46:07 AND t_l.status in (0) :[linkStatusSQL]
2018/07/24 15:46:07 AND status in (0) :[modeStatusSQL]
2018/07/24 15:46:07 AND t_l.status in (0) :[linkStatusSQL]
2018/07/24 15:46:09 AND status in (0) :[modeStatusSQL]
2018/07/24 15:46:09 AND t_l.status in (0) :[linkStatusSQL]
2018/07/24 15:46:11 AND status in (0) :[modeStatusSQL]
2018/07/24 15:46:11 AND t_l.status in (0) :[linkStatusSQL]
2018/07/24 15:46:11 Client is Close websocket: close 1001 (going away)
2018/07/24 15:46:11 AND status in (0) :[modeStatusSQL]
2018/07/24 15:46:11 AND t_l.status in (0) :[linkStatusSQL]
2018/07/24 15:46:17 Client is Close websocket: close 1001 (going away)
2018/07/24 15:46:18 cfd4ce79ef36c539b63d0e54143abf2d :[md5str] cfd4ce79ef36c539b63d0e54143abf2d :[verify] 23528d0315eac50e44927b0051e6e75f :[this.Key] wangy :[account] 1 :[pid]
发送信息通知 尕儿 数量 24
发送信息通知 暴力熊 数量 28
发送信息通知 麦子 数量 20
发送信息通知 小蝌蚪 数量 3
2018/07/24 15:46:18 AND status in (0) :[modeStatusSQL]
2018/07/24 15:46:18 AND t_l.status in (0) :[linkStatusSQL]
2018/07/24 15:46:20 Client is Close websocket: close 1001 (going away)
2018/07/24 15:46:22 4ff9e4fc5e8df3b3241e6871daeaef8a :[md5str] 4ff9e4fc5e8df3b3241e6871daeaef8a :[verify] 23528d0315eac50e44927b0051e6e75f :[this.Key] liuyong :[account] 1 :[pid]
发送信息通知 麦子 数量 20
发送信息通知 小蝌蚪 数量 3
发送信息通知 尕儿 数量 24
发送信息通知 暴力熊 数量 28
2018/07/24 15:46:33 Client is Close websocket: close 1001 (going away)
2018/07/24 15:46:34 cfd4ce79ef36c539b63d0e54143abf2d :[md5str] cfd4ce79ef36c539b63d0e54143abf2d :[verify] 23528d0315eac50e44927b0051e6e75f :[this.Key] wangy :[account] 1 :[pid]
发送信息通知 麦子 数量 20
发送信息通知 小蝌蚪 数量 3
发送信息通知 尕儿 数量 24
发送信息通知 暴力熊 数量 28
2018/07/24 15:46:34 AND status in (0) :[modeStatusSQL]
2018/07/24 15:46:34 AND t_l.status in (0) :[linkStatusSQL]
2018/07/24 15:46:36 AND status in (0) :[modeStatusSQL]
2018/07/24 15:46:36 AND t_l.status in (0) :[linkStatusSQL]
2018/07/24 15:47:11 Client is Close websocket: close 1001 (going away)
2018/07/24 15:47:20 Client is Close websocket: close 1001 (going away)
2018/07/24 15:48:22 AND status in (0) :[modeStatusSQL]
2018/07/24 15:48:22 AND t_l.status in (0) :[linkStatusSQL]
2018/07/24 15:48:22 6c29a91c5fb9cd9109593913c7540a7e :[md5str] 6c29a91c5fb9cd9109593913c7540a7e :[verify] 23528d0315eac50e44927b0051e6e75f :[this.Key] hubin :[account] 1 :[pid]
2018/07/24 15:48:22 Client is Close websocket: close 1001 (going away)
发送信息通知 麦子 数量 20
发送信息通知 小蝌蚪 数量 3
发送信息通知 尕儿 数量 24
发送信息通知 暴力熊 数量 28
2018/07/24 15:48:22 6c29a91c5fb9cd9109593913c7540a7e :[md5str] 6c29a91c5fb9cd9109593913c7540a7e :[verify] 23528d0315eac50e44927b0051e6e75f :[this.Key] hubin :[account] 1 :[pid]
2018/07/24 15:48:22 Client is Close websocket: close 1001 (going away)
发送信息通知 尕儿 数量 24
发送信息通知 暴力熊 数量 28
发送信息通知 麦子 数量 20
发送信息通知 小蝌蚪 数量 3
2018/07/24 15:48:22 6c29a91c5fb9cd9109593913c7540a7e :[md5str] 6c29a91c5fb9cd9109593913c7540a7e :[verify] 23528d0315eac50e44927b0051e6e75f :[this.Key] hubin :[account] 1 :[pid]
2018/07/24 15:48:22 Client is Close websocket: close 1001 (going away)
发送信息通知 麦子 数量 20
发送信息通知 小蝌蚪 数量 3
发送信息通知 尕儿 数量 24
发送信息通知 暴力熊 数量 28
2018/07/24 15:48:22 6c29a91c5fb9cd9109593913c7540a7e :[md5str] 6c29a91c5fb9cd9109593913c7540a7e :[verify] 23528d0315eac50e44927b0051e6e75f :[this.Key] hubin :[account] 1 :[pid]
发送信息通知 暴力熊 数量 28
发送信息通知 麦子 数量 20
发送信息通知 小蝌蚪 数量 3
发送信息通知 尕儿 数量 24
2018/07/24 15:48:22 6c29a91c5fb9cd9109593913c7540a7e :[md5str] 6c29a91c5fb9cd9109593913c7540a7e :[verify] 23528d0315eac50e44927b0051e6e75f :[this.Key] hubin :[account] 1 :[pid]
发送信息通知 尕儿 数量 24
发送信息通知 暴力熊 数量 28
发送信息通知 麦子 数量 20
发送信息通知 小蝌蚪 数量 3
2018/07/24 15:48:23 AND status in (0) :[modeStatusSQL]
2018/07/24 15:48:23 AND t_l.status in (0) :[linkStatusSQL]
2018/07/24 15:48:23 AND status in (0) :[modeStatusSQL]
2018/07/24 15:48:23 AND t_l.status in (0) :[linkStatusSQL]
2018/07/24 15:48:24 AND status in (0) :[modeStatusSQL]
2018/07/24 15:48:24 AND t_l.status in (0) :[linkStatusSQL]
2018/07/24 15:48:29 AND status in (0) :[modeStatusSQL]
2018/07/24 15:48:29 AND t_l.status in (0) :[linkStatusSQL]
2018/07/24 15:48:34 AND status in (0) :[modeStatusSQL]
2018/07/24 15:48:34 AND t_l.status in (0) :[linkStatusSQL]
2018/07/24 15:48:38 AND status in (0) :[modeStatusSQL]
2018/07/24 15:48:38 AND t_l.status in (0) :[linkStatusSQL]
2018/07/24 15:48:42 AND status in (0) :[modeStatusSQL]
2018/07/24 15:48:42 AND t_l.status in (0) :[linkStatusSQL]
2018/07/24 15:48:47 AND status in (0) :[modeStatusSQL]
2018/07/24 15:48:47 AND t_l.status in (0) :[linkStatusSQL]
2018/07/24 15:52:08 AND status in (0) :[modeStatusSQL]
2018/07/24 15:52:08 AND t_l.status in (0) :[linkStatusSQL]
2018/07/24 15:52:14 Client is Close websocket: close 1001 (going away)
2018/07/24 15:52:23 Client is Close websocket: close 1001 (going away)
2018/07/24 15:53:22 Client is Close websocket: close 1001 (going away)
2018/07/24 15:53:22 6c29a91c5fb9cd9109593913c7540a7e :[md5str] 6c29a91c5fb9cd9109593913c7540a7e :[verify] 23528d0315eac50e44927b0051e6e75f :[this.Key] hubin :[account] 1 :[pid]
发送信息通知 尕儿 数量 24
发送信息通知 暴力熊 数量 28
发送信息通知 麦子 数量 20
发送信息通知 小蝌蚪 数量 3
2018/07/24 15:53:22 4ff9e4fc5e8df3b3241e6871daeaef8a :[md5str] 4ff9e4fc5e8df3b3241e6871daeaef8a :[verify] 23528d0315eac50e44927b0051e6e75f :[this.Key] liuyong :[account] 1 :[pid]
发送信息通知 暴力熊 数量 28
发送信息通知 麦子 数量 20
发送信息通知 小蝌蚪 数量 3
发送信息通知 尕儿 数量 24
2018/07/24 15:53:22 AND status in (0) :[modeStatusSQL]
2018/07/24 15:53:22 AND t_l.status in (0) :[linkStatusSQL]
2018/07/24 15:53:22 AND status in (0) :[modeStatusSQL]
2018/07/24 15:53:22 AND t_l.status in (0) :[linkStatusSQL]
2018/07/24 15:53:27 Client is Close websocket: close 1001 (going away)
2018/07/24 15:53:27 6c29a91c5fb9cd9109593913c7540a7e :[md5str] 6c29a91c5fb9cd9109593913c7540a7e :[verify] 23528d0315eac50e44927b0051e6e75f :[this.Key] hubin :[account] 1 :[pid]
发送信息通知 小蝌蚪 数量 3
发送信息通知 尕儿 数量 24
发送信息通知 暴力熊 数量 28
发送信息通知 麦子 数量 20
2018/07/24 15:53:27 AND status in (0) :[modeStatusSQL]
2018/07/24 15:53:27 AND t_l.status in (0) :[linkStatusSQL]
2018/07/24 15:53:28 AND status in (0) :[modeStatusSQL]
2018/07/24 15:53:28 AND t_l.status in (0) :[linkStatusSQL]
2018/07/24 15:53:30 AND status in (0) :[modeStatusSQL]
2018/07/24 15:53:30 AND t_l.status in (0) :[linkStatusSQL]
2018/07/24 15:53:38 Client is Close websocket: close 1001 (going away)
2018/07/24 15:53:49 6c29a91c5fb9cd9109593913c7540a7e :[md5str] 6c29a91c5fb9cd9109593913c7540a7e :[verify] 23528d0315eac50e44927b0051e6e75f :[this.Key] hubin :[account] 1 :[pid]
发送信息通知 麦子 数量 20
发送信息通知 小蝌蚪 数量 3
发送信息通知 尕儿 数量 24
发送信息通知 暴力熊 数量 28
2018/07/24 15:53:49 Client is Close websocket: close 1001 (going away)
2018/07/24 15:53:49 AND status in (0) :[modeStatusSQL]
2018/07/24 15:53:49 AND t_l.status in (0) :[linkStatusSQL]
2018/07/24 15:53:49 AND status in (0) :[modeStatusSQL]
2018/07/24 15:53:49 AND t_l.status in (0) :[linkStatusSQL]
2018/07/24 15:53:50 f2e54642a7a4750bef27ae3d5f9089fd :[md5str] f2e54642a7a4750bef27ae3d5f9089fd :[verify] 23528d0315eac50e44927b0051e6e75f :[this.Key] heyq :[account] 1 :[pid]
发送信息通知 小蝌蚪 数量 3
发送信息通知 尕儿 数量 24
发送信息通知 暴力熊 数量 28
发送信息通知 麦子 数量 20
2018/07/24 15:53:50 Client is Close websocket: close 1006 (abnormal closure): unexpected EOF
2018/07/24 15:53:50 AND status in (0) :[modeStatusSQL]
2018/07/24 15:53:50 AND t_l.status in (0) :[linkStatusSQL]
2018/07/24 15:53:50 AND status in (0) :[modeStatusSQL]
2018/07/24 15:53:50 AND t_l.status in (0) :[linkStatusSQL]
2018/07/24 15:53:50 AND status in (0) :[modeStatusSQL]
2018/07/24 15:53:50 AND t_l.status in (0) :[linkStatusSQL]
2018/07/24 15:53:52 AND status in (0) :[modeStatusSQL]
2018/07/24 15:53:52 AND t_l.status in (0) :[linkStatusSQL]
2018/07/24 15:53:54 4ff9e4fc5e8df3b3241e6871daeaef8a :[md5str] 4ff9e4fc5e8df3b3241e6871daeaef8a :[verify] 23528d0315eac50e44927b0051e6e75f :[this.Key] liuyong :[account] 1 :[pid]
发送信息通知 小蝌蚪 数量 3
发送信息通知 尕儿 数量 24
发送信息通知 暴力熊 数量 28
发送信息通知 麦子 数量 20
2018/07/24 15:53:54 AND status in (0) :[modeStatusSQL]
2018/07/24 15:53:54 AND t_l.status in (0) :[linkStatusSQL]
2018/07/24 15:53:59 AND status in (0) :[modeStatusSQL]
2018/07/24 15:53:59 AND t_l.status in (0) :[linkStatusSQL]
2018/07/24 15:54:05 AND status in (0,1) :[modeStatusSQL]
2018/07/24 15:54:05 AND t_l.status in (0) :[linkStatusSQL]
2018/07/24 15:54:33 AND status in (0) :[modeStatusSQL]
2018/07/24 15:54:33 AND t_l.status in (0) :[linkStatusSQL]
2018/07/24 15:55:12 AND status in (0) :[modeStatusSQL]
2018/07/24 15:55:12 AND t_l.status in (0) :[linkStatusSQL]
2018/07/24 15:56:33 AND status in (0) :[modeStatusSQL]
2018/07/24 15:56:33 AND t_l.status in (0) :[linkStatusSQL]
2018/07/24 15:57:39 Client is Close websocket: close 1001 (going away)
2018/07/24 15:59:01 Client is Close websocket: close 1001 (going away)
2018/07/24 15:59:54 AND status in (0) :[modeStatusSQL]
2018/07/24 15:59:54 AND t_l.status in (0) :[linkStatusSQL]
2018/07/24 15:59:55 4ff9e4fc5e8df3b3241e6871daeaef8a :[md5str] 4ff9e4fc5e8df3b3241e6871daeaef8a :[verify] 23528d0315eac50e44927b0051e6e75f :[this.Key] liuyong :[account] 1 :[pid]
发送信息通知 小蝌蚪 数量 3
发送信息通知 尕儿 数量 24
发送信息通知 暴力熊 数量 28
发送信息通知 麦子 数量 20
2018/07/24 15:59:55 cfd4ce79ef36c539b63d0e54143abf2d :[md5str] cfd4ce79ef36c539b63d0e54143abf2d :[verify] 23528d0315eac50e44927b0051e6e75f :[this.Key] wangy :[account] 1 :[pid]
2018/07/24 15:59:55 Client is Close websocket: close 1001 (going away)
发送信息通知 暴力熊 数量 28
发送信息通知 麦子 数量 20
发送信息通知 小蝌蚪 数量 3
发送信息通知 尕儿 数量 24
2018/07/24 15:59:55 cfd4ce79ef36c539b63d0e54143abf2d :[md5str] cfd4ce79ef36c539b63d0e54143abf2d :[verify] 23528d0315eac50e44927b0051e6e75f :[this.Key] wangy :[account] 1 :[pid]
发送信息通知 暴力熊 数量 28
发送信息通知 麦子 数量 20
发送信息通知 小蝌蚪 数量 3
发送信息通知 尕儿 数量 24
2018/07/24 15:59:55 Client is Close websocket: close 1001 (going away)
2018/07/24 15:59:55 AND status in (0) :[modeStatusSQL]
2018/07/24 15:59:55 AND t_l.status in (0) :[linkStatusSQL]
2018/07/24 16:00:51 AND status in (0) :[modeStatusSQL]
2018/07/24 16:00:51 AND t_l.status in (0) :[linkStatusSQL]
2018/07/24 16:01:29 Client is Close websocket: close 1001 (going away)
2018/07/24 16:03:28 b078eac31f1a05a49647e8683f8fd5a8 :[md5str] b078eac31f1a05a49647e8683f8fd5a8 :[verify] 23528d0315eac50e44927b0051e6e75f :[this.Key] xiangjch :[account] 1 :[pid]
2018/07/24 16:03:28 Client is Close websocket: close 1001 (going away)
2018/07/24 16:03:28 AND status in (0) :[modeStatusSQL]
2018/07/24 16:03:28 AND t_l.status in (0) :[linkStatusSQL]
2018/07/24 16:05:14 cfd4ce79ef36c539b63d0e54143abf2d :[md5str] cfd4ce79ef36c539b63d0e54143abf2d :[verify] 23528d0315eac50e44927b0051e6e75f :[this.Key] wangy :[account] 1 :[pid]
2018/07/24 16:05:14 Client is Close websocket: close 1001 (going away)
发送信息通知 麦子 数量 20
发送信息通知 小蝌蚪 数量 3
发送信息通知 尕儿 数量 24
发送信息通知 暴力熊 数量 28
2018/07/24 16:05:14 b078eac31f1a05a49647e8683f8fd5a8 :[md5str] b078eac31f1a05a49647e8683f8fd5a8 :[verify] 23528d0315eac50e44927b0051e6e75f :[this.Key] xiangjch :[account] 1 :[pid]
2018/07/24 16:05:14 Client is Close websocket: close 1001 (going away)
2018/07/24 16:05:14 b078eac31f1a05a49647e8683f8fd5a8 :[md5str] b078eac31f1a05a49647e8683f8fd5a8 :[verify] 23528d0315eac50e44927b0051e6e75f :[this.Key] xiangjch :[account] 1 :[pid]
2018/07/24 16:05:14 Client is Close websocket: close 1001 (going away)
2018/07/24 16:05:14 b078eac31f1a05a49647e8683f8fd5a8 :[md5str] b078eac31f1a05a49647e8683f8fd5a8 :[verify] 23528d0315eac50e44927b0051e6e75f :[this.Key] xiangjch :[account] 1 :[pid]
2018/07/24 16:05:14 cfd4ce79ef36c539b63d0e54143abf2d :[md5str] cfd4ce79ef36c539b63d0e54143abf2d :[verify] 23528d0315eac50e44927b0051e6e75f :[this.Key] wangy :[account] 1 :[pid]
2018/07/24 16:05:14 Client is Close websocket: close 1001 (going away)
发送信息通知 尕儿 数量 24
发送信息通知 暴力熊 数量 28
发送信息通知 麦子 数量 20
发送信息通知 小蝌蚪 数量 3
2018/07/24 16:05:14 cfd4ce79ef36c539b63d0e54143abf2d :[md5str] cfd4ce79ef36c539b63d0e54143abf2d :[verify] 23528d0315eac50e44927b0051e6e75f :[this.Key] wangy :[account] 1 :[pid]
2018/07/24 16:05:14 Client is Close websocket: close 1001 (going away)
发送信息通知 尕儿 数量 24
发送信息通知 暴力熊 数量 28
发送信息通知 麦子 数量 20
发送信息通知 小蝌蚪 数量 3
2018/07/24 16:05:14 cfd4ce79ef36c539b63d0e54143abf2d :[md5str] cfd4ce79ef36c539b63d0e54143abf2d :[verify] 23528d0315eac50e44927b0051e6e75f :[this.Key] wangy :[account] 1 :[pid]
2018/07/24 16:05:14 Client is Close websocket: close 1001 (going away)
发送信息通知 麦子 数量 20
发送信息通知 小蝌蚪 数量 3
发送信息通知 尕儿 数量 24
发送信息通知 暴力熊 数量 28
2018/07/24 16:05:14 cfd4ce79ef36c539b63d0e54143abf2d :[md5str] cfd4ce79ef36c539b63d0e54143abf2d :[verify] 23528d0315eac50e44927b0051e6e75f :[this.Key] wangy :[account] 1 :[pid]
2018/07/24 16:05:14 Client is Close websocket: close 1001 (going away)
发送信息通知 麦子 数量 20
发送信息通知 小蝌蚪 数量 3
发送信息通知 尕儿 数量 24
发送信息通知 暴力熊 数量 28
2018/07/24 16:05:14 cfd4ce79ef36c539b63d0e54143abf2d :[md5str] cfd4ce79ef36c539b63d0e54143abf2d :[verify] 23528d0315eac50e44927b0051e6e75f :[this.Key] wangy :[account] 1 :[pid]
发送信息通知 暴力熊 数量 28
发送信息通知 麦子 数量 20
发送信息通知 小蝌蚪 数量 3
发送信息通知 尕儿 数量 24
2018/07/24 16:05:15 AND status in (0) :[modeStatusSQL]
2018/07/24 16:05:15 AND t_l.status in (0) :[linkStatusSQL]
2018/07/24 16:05:15 AND status in (0) :[modeStatusSQL]
2018/07/24 16:05:15 AND t_l.status in (0) :[linkStatusSQL]
2018/07/24 16:06:00 AND status in (0) :[modeStatusSQL]
2018/07/24 16:06:00 AND t_l.status in (0) :[linkStatusSQL]
2018/07/24 16:06:07 AND status in (0) :[modeStatusSQL]
2018/07/24 16:06:07 AND t_l.status in (0) :[linkStatusSQL]
2018/07/24 16:08:32 AND status in (0) :[modeStatusSQL]
2018/07/24 16:08:32 AND t_l.status in (0) :[linkStatusSQL]
2018/07/24 16:09:42 AND status in (0) :[modeStatusSQL]
2018/07/24 16:09:42 AND t_l.status in (0) :[linkStatusSQL]
2018/07/24 16:09:58 Client is Close websocket: close 1001 (going away)
2018/07/24 16:09:58 4ff9e4fc5e8df3b3241e6871daeaef8a :[md5str] 4ff9e4fc5e8df3b3241e6871daeaef8a :[verify] 23528d0315eac50e44927b0051e6e75f :[this.Key] liuyong :[account] 1 :[pid]
发送信息通知 暴力熊 数量 28
发送信息通知 麦子 数量 20
发送信息通知 小蝌蚪 数量 3
发送信息通知 尕儿 数量 24
2018/07/24 16:09:58 AND status in (0) :[modeStatusSQL]
2018/07/24 16:09:58 AND t_l.status in (0) :[linkStatusSQL]
2018/07/24 16:11:12 Client is Close websocket: close 1001 (going away)
2018/07/24 16:11:12 AND status in (0) :[modeStatusSQL]
2018/07/24 16:11:12 AND t_l.status in (0) :[linkStatusSQL]
2018/07/24 16:11:13 991d8cd6b463d533621d47e5c613fe22 :[md5str]  :[verify] 23528d0315eac50e44927b0051e6e75f :[this.Key]  :[account] 1 :[pid]
2018/07/24 16:11:13   login error
2018/07/24 16:11:13 4ff9e4fc5e8df3b3241e6871daeaef8a :[md5str] 4ff9e4fc5e8df3b3241e6871daeaef8a :[verify] 23528d0315eac50e44927b0051e6e75f :[this.Key] liuyong :[account] 1 :[pid]
2018/07/24 16:11:13 Client is Close websocket: close 1001 (going away)
2018/07/24 16:11:13 Client is Close websocket: close 1001 (going away)
发送信息通知 麦子 数量 20
发送信息通知 小蝌蚪 数量 3
发送信息通知 尕儿 数量 24
发送信息通知 暴力熊 数量 28
2018/07/24 16:11:13 4ff9e4fc5e8df3b3241e6871daeaef8a :[md5str] 4ff9e4fc5e8df3b3241e6871daeaef8a :[verify] 23528d0315eac50e44927b0051e6e75f :[this.Key] liuyong :[account] 1 :[pid]
发送信息通知 尕儿 数量 24
发送信息通知 暴力熊 数量 28
发送信息通知 麦子 数量 20
发送信息通知 小蝌蚪 数量 3
2018/07/24 16:11:13 AND status in (0) :[modeStatusSQL]
2018/07/24 16:11:13 AND t_l.status in (0) :[linkStatusSQL]
2018/07/24 16:11:17 AND status in (0) :[modeStatusSQL]
2018/07/24 16:11:17 AND t_l.status in (0) :[linkStatusSQL]
2018/07/24 16:14:56 AND status in (0) :[modeStatusSQL]
2018/07/24 16:14:56 AND t_l.status in (0) :[linkStatusSQL]
2018/07/24 16:17:56 AND status in (0) :[modeStatusSQL]
2018/07/24 16:17:56 AND t_l.status in (0) :[linkStatusSQL]
2018/07/24 16:18:57 AND status in (0) :[modeStatusSQL]
2018/07/24 16:18:57 AND t_l.status in (0) :[linkStatusSQL]
2018/07/24 16:19:55 AND status in (0) :[modeStatusSQL]
2018/07/24 16:19:55 AND t_l.status in (0) :[linkStatusSQL]
2018/07/24 16:21:25 AND status in (0) :[modeStatusSQL]
2018/07/24 16:21:25 AND t_l.status in (0) :[linkStatusSQL]
2018/07/24 16:21:58 AND status in (0) :[modeStatusSQL]
2018/07/24 16:21:58 AND t_l.status in (0) :[linkStatusSQL]
2018/07/24 16:22:23 AND status in (0) :[modeStatusSQL]
2018/07/24 16:22:23 AND t_l.status in (0) :[linkStatusSQL]
2018/07/24 16:24:25 Client is Close websocket: close 1001 (going away)
2018/07/24 16:24:25 AND status in (0) :[modeStatusSQL]
2018/07/24 16:24:25 AND t_l.status in (0) :[linkStatusSQL]
2018/07/24 16:24:25 cfd4ce79ef36c539b63d0e54143abf2d :[md5str] cfd4ce79ef36c539b63d0e54143abf2d :[verify] 23528d0315eac50e44927b0051e6e75f :[this.Key] wangy :[account] 1 :[pid]
2018/07/24 16:24:25 Client is Close websocket: close 1001 (going away)
发送信息通知 小蝌蚪 数量 3
发送信息通知 尕儿 数量 24
发送信息通知 暴力熊 数量 28
发送信息通知 麦子 数量 20
2018/07/24 16:24:25 cfd4ce79ef36c539b63d0e54143abf2d :[md5str] cfd4ce79ef36c539b63d0e54143abf2d :[verify] 23528d0315eac50e44927b0051e6e75f :[this.Key] wangy :[account] 1 :[pid]
2018/07/24 16:24:25 Client is Close websocket: close 1001 (going away)
发送信息通知 尕儿 数量 24
发送信息通知 暴力熊 数量 28
发送信息通知 麦子 数量 20
发送信息通知 小蝌蚪 数量 3
2018/07/24 16:24:25 cfd4ce79ef36c539b63d0e54143abf2d :[md5str] cfd4ce79ef36c539b63d0e54143abf2d :[verify] 23528d0315eac50e44927b0051e6e75f :[this.Key] wangy :[account] 1 :[pid]
2018/07/24 16:24:25 Client is Close websocket: close 1001 (going away)
发送信息通知 小蝌蚪 数量 3
发送信息通知 尕儿 数量 24
发送信息通知 暴力熊 数量 28
发送信息通知 麦子 数量 20
2018/07/24 16:24:28 AND status in (0) :[modeStatusSQL]
2018/07/24 16:24:28 AND t_l.status in (0) :[linkStatusSQL]
2018/07/24 16:24:41 AND status in (0) :[modeStatusSQL]
2018/07/24 16:24:41 AND t_l.status in (0) :[linkStatusSQL]
2018/07/24 16:25:23 cfd4ce79ef36c539b63d0e54143abf2d :[md5str] cfd4ce79ef36c539b63d0e54143abf2d :[verify] 23528d0315eac50e44927b0051e6e75f :[this.Key] wangy :[account] 1 :[pid]
发送信息通知 尕儿 数量 24
发送信息通知 暴力熊 数量 28
发送信息通知 麦子 数量 20
发送信息通知 小蝌蚪 数量 3
2018/07/24 16:25:23 AND status in (0) :[modeStatusSQL]
2018/07/24 16:25:23 AND t_l.status in (0) :[linkStatusSQL]
2018/07/24 16:25:33 AND status in (0) :[modeStatusSQL]
2018/07/24 16:25:33 AND t_l.status in (0) :[linkStatusSQL]
2018/07/24 16:26:54 Client is Close websocket: close 1001 (going away)
2018/07/24 16:26:55 cfd4ce79ef36c539b63d0e54143abf2d :[md5str] cfd4ce79ef36c539b63d0e54143abf2d :[verify] 23528d0315eac50e44927b0051e6e75f :[this.Key] wangy :[account] 1 :[pid]
发送信息通知 尕儿 数量 24
发送信息通知 暴力熊 数量 28
发送信息通知 麦子 数量 20
发送信息通知 小蝌蚪 数量 3
2018/07/24 16:26:55 AND status in (0) :[modeStatusSQL]
2018/07/24 16:26:55 AND t_l.status in (0) :[linkStatusSQL]
2018/07/24 16:26:58 AND status in (0) :[modeStatusSQL]
2018/07/24 16:26:58 AND t_l.status in (0) :[linkStatusSQL]
2018/07/24 16:27:22 AND status in (0) :[modeStatusSQL]
2018/07/24 16:27:22 AND t_l.status in (0) :[linkStatusSQL]
2018/07/24 16:27:23 991d8cd6b463d533621d47e5c613fe22 :[md5str]  :[verify] 23528d0315eac50e44927b0051e6e75f :[this.Key]  :[account] 1 :[pid]
2018/07/24 16:27:23   login error
2018/07/24 16:27:23 Client is Close websocket: close 1001 (going away)
2018/07/24 16:27:24 AND status in (0) :[modeStatusSQL]
2018/07/24 16:27:24 AND t_l.status in (0) :[linkStatusSQL]
2018/07/24 16:27:25 6b19a9b6d020100db275fe08891b399f :[md5str] 6b19a9b6d020100db275fe08891b399f :[verify] 23528d0315eac50e44927b0051e6e75f :[this.Key] guowj :[account] 1 :[pid]
2018/07/24 16:27:25 AND status in (0) :[modeStatusSQL]
2018/07/24 16:27:25 AND t_l.status in (0) :[linkStatusSQL]
2018/07/24 16:34:32 AND status in (0) :[modeStatusSQL]
2018/07/24 16:34:32 AND t_l.status in (0) :[linkStatusSQL]
2018/07/24 16:34:35 AND status in (0) :[modeStatusSQL]
2018/07/24 16:34:35 AND t_l.status in (0) :[linkStatusSQL]
2018/07/24 16:35:06 AND status in (0) :[modeStatusSQL]
2018/07/24 16:35:06 AND t_l.status in (0) :[linkStatusSQL]
发送信息通知 尕儿 数量 24
发送信息通知 暴力熊 数量 28
发送信息通知 麦子 数量 20
发送信息通知 小蝌蚪 数量 3
2018/07/24 16:44:59 9f2fa08ee6e73f99b5eb659553b2722d :[md5str] 9f2fa08ee6e73f99b5eb659553b2722d :[verify] 23528d0315eac50e44927b0051e6e75f :[this.Key] shaoyh :[account] 1 :[pid]
2018/07/24 16:44:59 AND status in (0) :[modeStatusSQL]
2018/07/24 16:44:59 AND t_l.status in (0) :[linkStatusSQL]
2018/07/24 16:45:31 Client is Close websocket: close 1001 (going away)
2018/07/24 16:53:46 AND status in (0) :[modeStatusSQL]
2018/07/24 16:53:46 AND t_l.status in (0) :[linkStatusSQL]
2018/07/24 16:53:50 AND status in (0) :[modeStatusSQL]
2018/07/24 16:53:50 AND t_l.status in (0) :[linkStatusSQL]
2018/07/24 16:54:01 AND status in (0) :[modeStatusSQL]
2018/07/24 16:54:01 AND t_l.status in (0) :[linkStatusSQL]
2018/07/24 17:05:38 Client is Close websocket: close 1001 (going away)
